<?xml version="1.0" encoding="UTF-8"?>
<robot generator="Robot 4.1.3 (Python 3.10.2 on win32)" generated="20220320 22:18:12.450" rpa="false" schemaversion="2">
<suite id="s1" name="GherkinBDD" source="C:\Users\Leonardo\Desktop\Automação de Testes com Robot Framework\Modulo 3 - Casos de teste\GherkinBDD">
<suite id="s1-s1" name="amazon testes BDD" source="C:\Users\Leonardo\Desktop\Automação de Testes com Robot Framework\Modulo 3 - Casos de teste\GherkinBDD\amazon_testes_BDD.robot">
<test id="s1-s1-t1" name="Caso de Teste 03 - Adicionar Produto no Carrinho">
<kw name="Abrir o navegador" library="amazon_resources_BDD" type="SETUP">
<kw name="Open Browser" library="SeleniumLibrary">
<arg>browser=chrome</arg>
<doc>Opens a new browser instance to the optional ``url``.</doc>
<msg timestamp="20220320 22:18:13.198" level="INFO">Opening browser 'chrome' to base url 'None'.</msg>
<status status="PASS" starttime="20220320 22:18:13.197" endtime="20220320 22:18:16.255"/>
</kw>
<kw name="Maximize Browser Window" library="SeleniumLibrary">
<doc>Maximizes current browser window.</doc>
<status status="PASS" starttime="20220320 22:18:16.255" endtime="20220320 22:18:16.390"/>
</kw>
<status status="PASS" starttime="20220320 22:18:13.195" endtime="20220320 22:18:16.390"/>
</kw>
<kw name="Dado que estou na home page da Amazon.com.br" library="amazon_resources_BDD">
<kw name="Acessar a home page do site amazon.com.br" library="amazon_resources_BDD">
<kw name="Go To" library="SeleniumLibrary">
<arg>url=${URL}</arg>
<doc>Navigates the current browser window to the provided ``url``.</doc>
<msg timestamp="20220320 22:18:16.395" level="INFO">Opening url 'https://www.amazon.com.br/'</msg>
<status status="PASS" starttime="20220320 22:18:16.394" endtime="20220320 22:18:44.187"/>
</kw>
<kw name="Wait Until Element Is Visible" library="SeleniumLibrary">
<arg>locator=${MENU_ELETRONICOS}</arg>
<doc>Waits until the element ``locator`` is visible.</doc>
<status status="PASS" starttime="20220320 22:18:44.188" endtime="20220320 22:18:44.719"/>
</kw>
<status status="PASS" starttime="20220320 22:18:16.393" endtime="20220320 22:18:44.719"/>
</kw>
<status status="PASS" starttime="20220320 22:18:16.392" endtime="20220320 22:18:44.720"/>
</kw>
<kw name="Quando adicionar o produto &quot;Console Xbox Series S&quot; no carrinho" library="amazon_resources_BDD">
<kw name="Input Text" library="SeleniumLibrary">
<arg>locator=twotabsearchtextbox</arg>
<arg>text=Xbox Series S</arg>
<doc>Types the given ``text`` into the text field identified by ``locator``.</doc>
<msg timestamp="20220320 22:18:44.722" level="INFO">Typing text 'Xbox Series S' into text field 'twotabsearchtextbox'.</msg>
<status status="PASS" starttime="20220320 22:18:44.721" endtime="20220320 22:18:45.774"/>
</kw>
<kw name="Click Element" library="SeleniumLibrary">
<arg>locator=nav-search-submit-button</arg>
<doc>Click the element identified by ``locator``.</doc>
<msg timestamp="20220320 22:18:45.775" level="INFO">Clicking element 'nav-search-submit-button'.</msg>
<status status="PASS" starttime="20220320 22:18:45.775" endtime="20220320 22:18:53.662"/>
</kw>
<kw name="Wait Until Element Is Visible" library="SeleniumLibrary">
<arg>locator=(//span[contains(.,'Console Xbox Series S')])[2]</arg>
<doc>Waits until the element ``locator`` is visible.</doc>
<status status="PASS" starttime="20220320 22:18:53.662" endtime="20220320 22:18:53.700"/>
</kw>
<kw name="Click Element" library="SeleniumLibrary">
<arg>locator=(//span[contains(.,'Console Xbox Series S')])[2]</arg>
<doc>Click the element identified by ``locator``.</doc>
<msg timestamp="20220320 22:18:53.700" level="INFO">Clicking element '(//span[contains(.,'Console Xbox Series S')])[2]'.</msg>
<status status="PASS" starttime="20220320 22:18:53.700" endtime="20220320 22:19:02.138"/>
</kw>
<kw name="Wait Until Element Is Visible" library="SeleniumLibrary">
<arg>locator=//input[contains(@name,'submit.add-to-cart')]</arg>
<doc>Waits until the element ``locator`` is visible.</doc>
<status status="PASS" starttime="20220320 22:19:02.138" endtime="20220320 22:19:02.356"/>
</kw>
<kw name="Click Element" library="SeleniumLibrary">
<arg>locator=//input[contains(@name,'submit.add-to-cart')]</arg>
<doc>Click the element identified by ``locator``.</doc>
<msg timestamp="20220320 22:19:02.356" level="INFO">Clicking element '//input[contains(@name,'submit.add-to-cart')]'.</msg>
<status status="PASS" starttime="20220320 22:19:02.356" endtime="20220320 22:19:03.448"/>
</kw>
<kw name="Wait Until Element Is Visible" library="SeleniumLibrary">
<arg>locator=//input[contains(@aria-labelledby,'attachSiNoCoverage-announce')]</arg>
<doc>Waits until the element ``locator`` is visible.</doc>
<status status="PASS" starttime="20220320 22:19:03.449" endtime="20220320 22:19:03.862"/>
</kw>
<kw name="Click Element" library="SeleniumLibrary">
<arg>locator=//input[contains(@aria-labelledby,'attachSiNoCoverage-announce')]</arg>
<doc>Click the element identified by ``locator``.</doc>
<msg timestamp="20220320 22:19:03.863" level="INFO">Clicking element '//input[contains(@aria-labelledby,'attachSiNoCoverage-announce')]'.</msg>
<status status="PASS" starttime="20220320 22:19:03.862" endtime="20220320 22:19:04.161"/>
</kw>
<status status="PASS" starttime="20220320 22:18:44.720" endtime="20220320 22:19:04.161"/>
</kw>
<kw name="Então o produto &quot;Console Xbox Series S&quot; deve ser mostrado no carrinho" library="amazon_resources_BDD">
<kw name="Click Element" library="SeleniumLibrary">
<arg>locator=//span[@aria-hidden='true'][contains(.,'Carrinho')]</arg>
<doc>Click the element identified by ``locator``.</doc>
<msg timestamp="20220320 22:19:04.173" level="INFO">Clicking element '//span[@aria-hidden='true'][contains(.,'Carrinho')]'.</msg>
<status status="PASS" starttime="20220320 22:19:04.173" endtime="20220320 22:19:07.687"/>
</kw>
<kw name="Page Should Contain" library="SeleniumLibrary">
<arg>text=Carrinho de compras</arg>
<doc>Verifies that current page contains ``text``.</doc>
<msg timestamp="20220320 22:19:07.757" level="INFO">Current page contains text 'Carrinho de compras'.</msg>
<status status="PASS" starttime="20220320 22:19:07.688" endtime="20220320 22:19:07.757"/>
</kw>
<kw name="Page Should Contain" library="SeleniumLibrary">
<arg>text=Console Xbox Series S</arg>
<doc>Verifies that current page contains ``text``.</doc>
<msg timestamp="20220320 22:19:07.864" level="INFO">Current page contains text 'Console Xbox Series S'.</msg>
<status status="PASS" starttime="20220320 22:19:07.758" endtime="20220320 22:19:07.864"/>
</kw>
<status status="PASS" starttime="20220320 22:19:04.172" endtime="20220320 22:19:07.865"/>
</kw>
<kw name="Fechar o navegador" library="amazon_resources_BDD" type="TEARDOWN">
<kw name="Capture Page Screenshot" library="SeleniumLibrary">
<doc>Takes a screenshot of the current page and embeds it into a log file.</doc>
<msg timestamp="20220320 22:19:08.063" level="INFO" html="true">&lt;/td&gt;&lt;/tr&gt;&lt;tr&gt;&lt;td colspan="3"&gt;&lt;a href="selenium-screenshot-1.png"&gt;&lt;img src="selenium-screenshot-1.png" width="800px"&gt;&lt;/a&gt;</msg>
<status status="PASS" starttime="20220320 22:19:07.866" endtime="20220320 22:19:08.064"/>
</kw>
<kw name="Close Browser" library="SeleniumLibrary">
<doc>Closes the current browser.</doc>
<status status="PASS" starttime="20220320 22:19:08.064" endtime="20220320 22:19:12.077"/>
</kw>
<status status="PASS" starttime="20220320 22:19:07.865" endtime="20220320 22:19:12.077"/>
</kw>
<doc>Esse teste verifica a adição de um produto no carrinho de compras</doc>
<tag>adicionar_carrinho</tag>
<status status="PASS" starttime="20220320 22:18:13.192" endtime="20220320 22:19:12.078"/>
</test>
<test id="s1-s1-t2" name="Caso de Teste 04 - Remover Produto do Carrinho">
<kw name="Abrir o navegador" library="amazon_resources_BDD" type="SETUP">
<kw name="Open Browser" library="SeleniumLibrary">
<arg>browser=chrome</arg>
<doc>Opens a new browser instance to the optional ``url``.</doc>
<msg timestamp="20220320 22:19:12.082" level="INFO">Opening browser 'chrome' to base url 'None'.</msg>
<status status="PASS" starttime="20220320 22:19:12.082" endtime="20220320 22:19:13.661"/>
</kw>
<kw name="Maximize Browser Window" library="SeleniumLibrary">
<doc>Maximizes current browser window.</doc>
<status status="PASS" starttime="20220320 22:19:13.661" endtime="20220320 22:19:13.793"/>
</kw>
<status status="PASS" starttime="20220320 22:19:12.081" endtime="20220320 22:19:13.794"/>
</kw>
<kw name="Dado que estou na home page da Amazon.com.br" library="amazon_resources_BDD">
<kw name="Acessar a home page do site amazon.com.br" library="amazon_resources_BDD">
<kw name="Go To" library="SeleniumLibrary">
<arg>url=${URL}</arg>
<doc>Navigates the current browser window to the provided ``url``.</doc>
<msg timestamp="20220320 22:19:13.797" level="INFO">Opening url 'https://www.amazon.com.br/'</msg>
<status status="PASS" starttime="20220320 22:19:13.796" endtime="20220320 22:19:46.302"/>
</kw>
<kw name="Wait Until Element Is Visible" library="SeleniumLibrary">
<arg>locator=${MENU_ELETRONICOS}</arg>
<doc>Waits until the element ``locator`` is visible.</doc>
<status status="PASS" starttime="20220320 22:19:46.302" endtime="20220320 22:19:47.954"/>
</kw>
<status status="PASS" starttime="20220320 22:19:13.796" endtime="20220320 22:19:47.955"/>
</kw>
<status status="PASS" starttime="20220320 22:19:13.795" endtime="20220320 22:19:47.955"/>
</kw>
<kw name="E existe o produto &quot;Console Xbox Series S&quot; no carrinho" library="amazon_resources_BDD">
<kw name="Quando adicionar o produto &quot;Console Xbox Series S&quot; no carrinho" library="amazon_resources_BDD">
<kw name="Input Text" library="SeleniumLibrary">
<arg>locator=twotabsearchtextbox</arg>
<arg>text=Xbox Series S</arg>
<doc>Types the given ``text`` into the text field identified by ``locator``.</doc>
<msg timestamp="20220320 22:19:47.990" level="INFO">Typing text 'Xbox Series S' into text field 'twotabsearchtextbox'.</msg>
<status status="PASS" starttime="20220320 22:19:47.989" endtime="20220320 22:19:50.300"/>
</kw>
<kw name="Click Element" library="SeleniumLibrary">
<arg>locator=nav-search-submit-button</arg>
<doc>Click the element identified by ``locator``.</doc>
<msg timestamp="20220320 22:19:50.301" level="INFO">Clicking element 'nav-search-submit-button'.</msg>
<status status="PASS" starttime="20220320 22:19:50.300" endtime="20220320 22:20:11.655"/>
</kw>
<kw name="Wait Until Element Is Visible" library="SeleniumLibrary">
<arg>locator=(//span[contains(.,'Console Xbox Series S')])[2]</arg>
<doc>Waits until the element ``locator`` is visible.</doc>
<status status="PASS" starttime="20220320 22:20:11.655" endtime="20220320 22:20:11.884"/>
</kw>
<kw name="Click Element" library="SeleniumLibrary">
<arg>locator=(//span[contains(.,'Console Xbox Series S')])[2]</arg>
<doc>Click the element identified by ``locator``.</doc>
<msg timestamp="20220320 22:20:11.885" level="INFO">Clicking element '(//span[contains(.,'Console Xbox Series S')])[2]'.</msg>
<status status="PASS" starttime="20220320 22:20:11.884" endtime="20220320 22:20:22.919"/>
</kw>
<kw name="Wait Until Element Is Visible" library="SeleniumLibrary">
<arg>locator=//input[contains(@name,'submit.add-to-cart')]</arg>
<doc>Waits until the element ``locator`` is visible.</doc>
<status status="PASS" starttime="20220320 22:20:22.919" endtime="20220320 22:20:23.598"/>
</kw>
<kw name="Click Element" library="SeleniumLibrary">
<arg>locator=//input[contains(@name,'submit.add-to-cart')]</arg>
<doc>Click the element identified by ``locator``.</doc>
<msg timestamp="20220320 22:20:23.599" level="INFO">Clicking element '//input[contains(@name,'submit.add-to-cart')]'.</msg>
<status status="PASS" starttime="20220320 22:20:23.599" endtime="20220320 22:20:24.807"/>
</kw>
<kw name="Wait Until Element Is Visible" library="SeleniumLibrary">
<arg>locator=//input[contains(@aria-labelledby,'attachSiNoCoverage-announce')]</arg>
<doc>Waits until the element ``locator`` is visible.</doc>
<status status="PASS" starttime="20220320 22:20:24.807" endtime="20220320 22:20:25.137"/>
</kw>
<kw name="Click Element" library="SeleniumLibrary">
<arg>locator=//input[contains(@aria-labelledby,'attachSiNoCoverage-announce')]</arg>
<doc>Click the element identified by ``locator``.</doc>
<msg timestamp="20220320 22:20:25.138" level="INFO">Clicking element '//input[contains(@aria-labelledby,'attachSiNoCoverage-announce')]'.</msg>
<status status="PASS" starttime="20220320 22:20:25.137" endtime="20220320 22:20:25.497"/>
</kw>
<status status="PASS" starttime="20220320 22:19:47.988" endtime="20220320 22:20:25.498"/>
</kw>
<kw name="Então o produto &quot;Console Xbox Series S&quot; deve ser mostrado no carrinho" library="amazon_resources_BDD">
<kw name="Click Element" library="SeleniumLibrary">
<arg>locator=//span[@aria-hidden='true'][contains(.,'Carrinho')]</arg>
<doc>Click the element identified by ``locator``.</doc>
<msg timestamp="20220320 22:20:25.499" level="INFO">Clicking element '//span[@aria-hidden='true'][contains(.,'Carrinho')]'.</msg>
<status status="PASS" starttime="20220320 22:20:25.499" endtime="20220320 22:20:29.754"/>
</kw>
<kw name="Page Should Contain" library="SeleniumLibrary">
<arg>text=Carrinho de compras</arg>
<doc>Verifies that current page contains ``text``.</doc>
<msg timestamp="20220320 22:20:29.958" level="INFO">Current page contains text 'Carrinho de compras'.</msg>
<status status="PASS" starttime="20220320 22:20:29.754" endtime="20220320 22:20:29.959"/>
</kw>
<kw name="Page Should Contain" library="SeleniumLibrary">
<arg>text=Console Xbox Series S</arg>
<doc>Verifies that current page contains ``text``.</doc>
<msg timestamp="20220320 22:20:30.003" level="INFO">Current page contains text 'Console Xbox Series S'.</msg>
<status status="PASS" starttime="20220320 22:20:29.959" endtime="20220320 22:20:30.003"/>
</kw>
<status status="PASS" starttime="20220320 22:20:25.498" endtime="20220320 22:20:30.003"/>
</kw>
<status status="PASS" starttime="20220320 22:19:47.987" endtime="20220320 22:20:30.004"/>
</kw>
<kw name="Quando remover o produto &quot;Console Xbox Series S&quot; do carrinho" library="amazon_resources_BDD">
<kw name="Remover o produto &quot;Console Xbox Series S&quot; do carrinho" library="amazon_resources_BDD">
<kw name="Go To" library="SeleniumLibrary">
<arg>url=${URL}</arg>
<doc>Navigates the current browser window to the provided ``url``.</doc>
<msg timestamp="20220320 22:20:30.018" level="INFO">Opening url 'https://www.amazon.com.br/'</msg>
<status status="PASS" starttime="20220320 22:20:30.017" endtime="20220320 22:20:34.271"/>
</kw>
<kw name="Wait Until Element Is Visible" library="SeleniumLibrary">
<arg>locator=//a[contains(@aria-label,'1 item no carrinho')]</arg>
<doc>Waits until the element ``locator`` is visible.</doc>
<status status="PASS" starttime="20220320 22:20:34.271" endtime="20220320 22:20:34.657"/>
</kw>
<kw name="Click Element" library="SeleniumLibrary">
<arg>locator=//a[contains(@aria-label,'1 item no carrinho')]</arg>
<doc>Click the element identified by ``locator``.</doc>
<msg timestamp="20220320 22:20:34.658" level="INFO">Clicking element '//a[contains(@aria-label,'1 item no carrinho')]'.</msg>
<status status="PASS" starttime="20220320 22:20:34.657" endtime="20220320 22:20:39.688"/>
</kw>
<kw name="Click Element" library="SeleniumLibrary">
<arg>locator=a-autoid-0</arg>
<doc>Click the element identified by ``locator``.</doc>
<msg timestamp="20220320 22:20:39.689" level="INFO">Clicking element 'a-autoid-0'.</msg>
<status status="PASS" starttime="20220320 22:20:39.688" endtime="20220320 22:20:40.221"/>
</kw>
<kw name="Click Element" library="SeleniumLibrary">
<arg>locator=quantity_0</arg>
<doc>Click the element identified by ``locator``.</doc>
<msg timestamp="20220320 22:20:40.222" level="INFO">Clicking element 'quantity_0'.</msg>
<status status="PASS" starttime="20220320 22:20:40.221" endtime="20220320 22:20:40.692"/>
</kw>
<status status="PASS" starttime="20220320 22:20:30.017" endtime="20220320 22:20:40.692"/>
</kw>
<status status="PASS" starttime="20220320 22:20:30.016" endtime="20220320 22:20:40.693"/>
</kw>
<kw name="Então o carrinho deve ficar vazio" library="amazon_resources_BDD">
<kw name="Verificar se o carrinho fica vazio" library="amazon_resources_BDD">
<kw name="Go To" library="SeleniumLibrary">
<arg>url=${URL}</arg>
<doc>Navigates the current browser window to the provided ``url``.</doc>
<msg timestamp="20220320 22:20:40.696" level="INFO">Opening url 'https://www.amazon.com.br/'</msg>
<status status="PASS" starttime="20220320 22:20:40.695" endtime="20220320 22:20:43.002"/>
</kw>
<kw name="Wait Until Element Is Visible" library="SeleniumLibrary">
<arg>locator=nav-cart</arg>
<doc>Waits until the element ``locator`` is visible.</doc>
<status status="PASS" starttime="20220320 22:20:43.002" endtime="20220320 22:20:46.329"/>
</kw>
<kw name="Click Element" library="SeleniumLibrary">
<arg>locator=nav-cart</arg>
<doc>Click the element identified by ``locator``.</doc>
<msg timestamp="20220320 22:20:46.331" level="INFO">Clicking element 'nav-cart'.</msg>
<status status="PASS" starttime="20220320 22:20:46.330" endtime="20220320 22:20:52.757"/>
</kw>
<kw name="Page Should Contain" library="SeleniumLibrary">
<arg>text=Seu carrinho da Amazon está vazio</arg>
<doc>Verifies that current page contains ``text``.</doc>
<msg timestamp="20220320 22:20:53.154" level="INFO">Current page contains text 'Seu carrinho da Amazon está vazio'.</msg>
<status status="PASS" starttime="20220320 22:20:52.757" endtime="20220320 22:20:53.154"/>
</kw>
<status status="PASS" starttime="20220320 22:20:40.695" endtime="20220320 22:20:53.155"/>
</kw>
<status status="PASS" starttime="20220320 22:20:40.694" endtime="20220320 22:20:53.155"/>
</kw>
<kw name="Fechar o navegador" library="amazon_resources_BDD" type="TEARDOWN">
<kw name="Capture Page Screenshot" library="SeleniumLibrary">
<doc>Takes a screenshot of the current page and embeds it into a log file.</doc>
<msg timestamp="20220320 22:20:53.456" level="INFO" html="true">&lt;/td&gt;&lt;/tr&gt;&lt;tr&gt;&lt;td colspan="3"&gt;&lt;a href="selenium-screenshot-2.png"&gt;&lt;img src="selenium-screenshot-2.png" width="800px"&gt;&lt;/a&gt;</msg>
<status status="PASS" starttime="20220320 22:20:53.157" endtime="20220320 22:20:53.456"/>
</kw>
<kw name="Close Browser" library="SeleniumLibrary">
<doc>Closes the current browser.</doc>
<status status="PASS" starttime="20220320 22:20:53.457" endtime="20220320 22:20:59.540"/>
</kw>
<status status="PASS" starttime="20220320 22:20:53.156" endtime="20220320 22:20:59.540"/>
</kw>
<doc>Esse teste verifica a remoção de um produto no carrinho de compras</doc>
<tag>remover_carrinho</tag>
<status status="PASS" starttime="20220320 22:19:12.080" endtime="20220320 22:20:59.541"/>
</test>
<doc>Essa suite testa o site da Amazon.com.br</doc>
<status status="PASS" starttime="20220320 22:18:12.499" endtime="20220320 22:20:59.545"/>
</suite>
<status status="PASS" starttime="20220320 22:18:12.454" endtime="20220320 22:20:59.550"/>
</suite>
<statistics>
<total>
<stat pass="2" fail="0" skip="0">All Tests</stat>
</total>
<tag>
<stat pass="1" fail="0" skip="0">adicionar_carrinho</stat>
<stat pass="1" fail="0" skip="0">remover_carrinho</stat>
</tag>
<suite>
<stat pass="2" fail="0" skip="0" id="s1" name="GherkinBDD">GherkinBDD</stat>
<stat pass="2" fail="0" skip="0" id="s1-s1" name="amazon testes BDD">GherkinBDD.amazon testes BDD</stat>
</suite>
</statistics>
<errors>
</errors>
</robot>
