<?xml version="1.0" encoding="UTF-8"?>
<robot generator="Robot 4.1.3 (Python 3.10.2 on win32)" generated="20220320 21:21:45.847" rpa="false" schemaversion="2">
<suite id="s1" name="EscritaProcedural" source="C:\Users\Leonardo\Desktop\Automação de Testes com Robot Framework\Modulo 3 - Casos de teste\EscritaProcedural">
<suite id="s1-s1" name="Amazon Testes" source="C:\Users\Leonardo\Desktop\Automação de Testes com Robot Framework\Modulo 3 - Casos de teste\EscritaProcedural\amazon_testes.robot">
<test id="s1-s1-t1" name="Caso de Teste 04 - Remover Produto do Carrinho">
<kw name="Abrir o navegador" library="amazon_resources" type="SETUP">
<kw name="Open Browser" library="SeleniumLibrary">
<arg>browser=chrome</arg>
<doc>Opens a new browser instance to the optional ``url``.</doc>
<msg timestamp="20220320 21:21:46.912" level="INFO">Opening browser 'chrome' to base url 'None'.</msg>
<status status="PASS" starttime="20220320 21:21:46.911" endtime="20220320 21:21:49.058"/>
</kw>
<kw name="Maximize Browser Window" library="SeleniumLibrary">
<doc>Maximizes current browser window.</doc>
<status status="PASS" starttime="20220320 21:21:49.058" endtime="20220320 21:21:49.328"/>
</kw>
<status status="PASS" starttime="20220320 21:21:46.909" endtime="20220320 21:21:49.329"/>
</kw>
<kw name="Acessar a home page do site amazon.com.br" library="amazon_resources">
<kw name="Go To" library="SeleniumLibrary">
<arg>url=${URL}</arg>
<doc>Navigates the current browser window to the provided ``url``.</doc>
<msg timestamp="20220320 21:21:49.331" level="INFO">Opening url 'https://www.amazon.com.br/'</msg>
<status status="PASS" starttime="20220320 21:21:49.331" endtime="20220320 21:22:17.035"/>
</kw>
<kw name="Wait Until Element Is Visible" library="SeleniumLibrary">
<arg>locator=${MENU_ELETRONICOS}</arg>
<doc>Waits until the element ``locator`` is visible.</doc>
<status status="PASS" starttime="20220320 21:22:17.035" endtime="20220320 21:22:17.501"/>
</kw>
<status status="PASS" starttime="20220320 21:21:49.330" endtime="20220320 21:22:17.501"/>
</kw>
<kw name="Digitar o nome de produto &quot;Xbox Series S&quot; no campo de pesquisa" library="amazon_resources" sourcename="Digitar o nome de produto &quot;${BUSCA_PRODUTO}&quot; no campo de pesquisa">
<kw name="Input Text" library="SeleniumLibrary">
<arg>locator=twotabsearchtextbox</arg>
<arg>text=${BUSCA_PRODUTO}</arg>
<doc>Types the given ``text`` into the text field identified by ``locator``.</doc>
<msg timestamp="20220320 21:22:17.504" level="INFO">Typing text 'Xbox Series S' into text field 'twotabsearchtextbox'.</msg>
<status status="PASS" starttime="20220320 21:22:17.503" endtime="20220320 21:22:17.913"/>
</kw>
<status status="PASS" starttime="20220320 21:22:17.502" endtime="20220320 21:22:17.913"/>
</kw>
<kw name="Clicar no botão de pesquisa" library="amazon_resources">
<kw name="Click Element" library="SeleniumLibrary">
<arg>locator=nav-search-submit-button</arg>
<doc>Click the element identified by ``locator``.</doc>
<msg timestamp="20220320 21:22:17.920" level="INFO">Clicking element 'nav-search-submit-button'.</msg>
<status status="PASS" starttime="20220320 21:22:17.919" endtime="20220320 21:22:24.480"/>
</kw>
<status status="PASS" starttime="20220320 21:22:17.918" endtime="20220320 21:22:24.481"/>
</kw>
<kw name="Verificar o resultado da pesquisa se está listando o produto &quot;Console Xbox Series S&quot;" library="amazon_resources" sourcename="Verificar o resultado da pesquisa se está listando o produto &quot;${PRODUTO}&quot;">
<kw name="Wait Until Element Is Visible" library="SeleniumLibrary">
<arg>locator=(//span[contains(.,'${PRODUTO}')])[2]</arg>
<doc>Waits until the element ``locator`` is visible.</doc>
<status status="PASS" starttime="20220320 21:22:24.482" endtime="20220320 21:22:24.575"/>
</kw>
<status status="PASS" starttime="20220320 21:22:24.481" endtime="20220320 21:22:24.575"/>
</kw>
<kw name="Adicionar o produto &quot;Console Xbox Series S&quot; no carrinho" library="amazon_resources">
<kw name="Click Element" library="SeleniumLibrary">
<arg>locator=(//span[contains(.,'Console Xbox Series S')])[2]</arg>
<doc>Click the element identified by ``locator``.</doc>
<msg timestamp="20220320 21:22:24.577" level="INFO">Clicking element '(//span[contains(.,'Console Xbox Series S')])[2]'.</msg>
<status status="PASS" starttime="20220320 21:22:24.577" endtime="20220320 21:22:30.443"/>
</kw>
<kw name="Wait Until Element Is Visible" library="SeleniumLibrary">
<arg>locator=//input[contains(@name,'submit.add-to-cart')]</arg>
<doc>Waits until the element ``locator`` is visible.</doc>
<status status="PASS" starttime="20220320 21:22:30.443" endtime="20220320 21:22:30.550"/>
</kw>
<kw name="Click Element" library="SeleniumLibrary">
<arg>locator=//input[contains(@name,'submit.add-to-cart')]</arg>
<doc>Click the element identified by ``locator``.</doc>
<msg timestamp="20220320 21:22:30.551" level="INFO">Clicking element '//input[contains(@name,'submit.add-to-cart')]'.</msg>
<status status="PASS" starttime="20220320 21:22:30.550" endtime="20220320 21:22:31.386"/>
</kw>
<kw name="Wait Until Element Is Visible" library="SeleniumLibrary">
<arg>locator=//input[contains(@aria-labelledby,'attachSiNoCoverage-announce')]</arg>
<doc>Waits until the element ``locator`` is visible.</doc>
<status status="PASS" starttime="20220320 21:22:31.386" endtime="20220320 21:22:31.737"/>
</kw>
<kw name="Click Element" library="SeleniumLibrary">
<arg>locator=//input[contains(@aria-labelledby,'attachSiNoCoverage-announce')]</arg>
<doc>Click the element identified by ``locator``.</doc>
<msg timestamp="20220320 21:22:31.737" level="INFO">Clicking element '//input[contains(@aria-labelledby,'attachSiNoCoverage-announce')]'.</msg>
<status status="PASS" starttime="20220320 21:22:31.737" endtime="20220320 21:22:31.915"/>
</kw>
<status status="PASS" starttime="20220320 21:22:24.576" endtime="20220320 21:22:31.915"/>
</kw>
<kw name="Verificar se o produto &quot;Console Xbox Series S&quot; foi adicionado com sucesso" library="amazon_resources" sourcename="Verificar se o produto &quot;${CAR_COMPRAS_PRODUTO}&quot; foi adicionado com sucesso">
<kw name="Click Element" library="SeleniumLibrary">
<arg>locator=//span[@aria-hidden='true'][contains(.,'Carrinho')]</arg>
<doc>Click the element identified by ``locator``.</doc>
<msg timestamp="20220320 21:22:31.926" level="INFO">Clicking element '//span[@aria-hidden='true'][contains(.,'Carrinho')]'.</msg>
<status status="PASS" starttime="20220320 21:22:31.926" endtime="20220320 21:22:37.025"/>
</kw>
<kw name="Page Should Contain" library="SeleniumLibrary">
<arg>text=Carrinho de compras</arg>
<doc>Verifies that current page contains ``text``.</doc>
<msg timestamp="20220320 21:22:37.910" level="INFO">Current page contains text 'Carrinho de compras'.</msg>
<status status="PASS" starttime="20220320 21:22:37.025" endtime="20220320 21:22:37.910"/>
</kw>
<kw name="Page Should Contain" library="SeleniumLibrary">
<arg>text=Console Xbox Series S</arg>
<doc>Verifies that current page contains ``text``.</doc>
<msg timestamp="20220320 21:22:37.935" level="INFO">Current page contains text 'Console Xbox Series S'.</msg>
<status status="PASS" starttime="20220320 21:22:37.911" endtime="20220320 21:22:37.935"/>
</kw>
<status status="PASS" starttime="20220320 21:22:31.923" endtime="20220320 21:22:37.935"/>
</kw>
<kw name="Remover o produto &quot;Console Xbox Series S&quot; do carrinho" library="amazon_resources">
<kw name="Go To" library="SeleniumLibrary">
<arg>url=${URL}</arg>
<doc>Navigates the current browser window to the provided ``url``.</doc>
<msg timestamp="20220320 21:22:37.938" level="INFO">Opening url 'https://www.amazon.com.br/'</msg>
<status status="PASS" starttime="20220320 21:22:37.937" endtime="20220320 21:22:42.160"/>
</kw>
<kw name="Wait Until Element Is Visible" library="SeleniumLibrary">
<arg>locator=//a[contains(@aria-label,'1 item no carrinho')]</arg>
<doc>Waits until the element ``locator`` is visible.</doc>
<status status="PASS" starttime="20220320 21:22:42.160" endtime="20220320 21:22:42.655"/>
</kw>
<kw name="Click Element" library="SeleniumLibrary">
<arg>locator=//a[contains(@aria-label,'1 item no carrinho')]</arg>
<doc>Click the element identified by ``locator``.</doc>
<msg timestamp="20220320 21:22:42.656" level="INFO">Clicking element '//a[contains(@aria-label,'1 item no carrinho')]'.</msg>
<status status="PASS" starttime="20220320 21:22:42.655" endtime="20220320 21:22:44.717"/>
</kw>
<kw name="Click Element" library="SeleniumLibrary">
<arg>locator=a-autoid-0</arg>
<doc>Click the element identified by ``locator``.</doc>
<msg timestamp="20220320 21:22:44.718" level="INFO">Clicking element 'a-autoid-0'.</msg>
<status status="PASS" starttime="20220320 21:22:44.717" endtime="20220320 21:22:46.467"/>
</kw>
<kw name="Click Element" library="SeleniumLibrary">
<arg>locator=quantity_0</arg>
<doc>Click the element identified by ``locator``.</doc>
<msg timestamp="20220320 21:22:46.468" level="INFO">Clicking element 'quantity_0'.</msg>
<status status="PASS" starttime="20220320 21:22:46.468" endtime="20220320 21:22:46.951"/>
</kw>
<status status="PASS" starttime="20220320 21:22:37.936" endtime="20220320 21:22:46.951"/>
</kw>
<kw name="Verificar se o carrinho fica vazio" library="amazon_resources">
<kw name="Go To" library="SeleniumLibrary">
<arg>url=${URL}</arg>
<doc>Navigates the current browser window to the provided ``url``.</doc>
<msg timestamp="20220320 21:22:46.953" level="INFO">Opening url 'https://www.amazon.com.br/'</msg>
<status status="PASS" starttime="20220320 21:22:46.953" endtime="20220320 21:22:51.187"/>
</kw>
<kw name="Wait Until Element Is Visible" library="SeleniumLibrary">
<arg>locator=nav-cart</arg>
<doc>Waits until the element ``locator`` is visible.</doc>
<status status="PASS" starttime="20220320 21:22:51.188" endtime="20220320 21:22:51.485"/>
</kw>
<kw name="Click Element" library="SeleniumLibrary">
<arg>locator=nav-cart</arg>
<doc>Click the element identified by ``locator``.</doc>
<msg timestamp="20220320 21:22:51.485" level="INFO">Clicking element 'nav-cart'.</msg>
<status status="PASS" starttime="20220320 21:22:51.485" endtime="20220320 21:22:55.947"/>
</kw>
<kw name="Page Should Contain" library="SeleniumLibrary">
<arg>text=Seu carrinho da Amazon está vazio</arg>
<doc>Verifies that current page contains ``text``.</doc>
<msg timestamp="20220320 21:22:56.813" level="INFO">Current page contains text 'Seu carrinho da Amazon está vazio'.</msg>
<status status="PASS" starttime="20220320 21:22:55.947" endtime="20220320 21:22:56.813"/>
</kw>
<status status="PASS" starttime="20220320 21:22:46.952" endtime="20220320 21:22:56.814"/>
</kw>
<kw name="Fechar o navegador" library="amazon_resources" type="TEARDOWN">
<kw name="Capture Page Screenshot" library="SeleniumLibrary">
<doc>Takes a screenshot of the current page and embeds it into a log file.</doc>
<msg timestamp="20220320 21:22:57.018" level="INFO" html="true">&lt;/td&gt;&lt;/tr&gt;&lt;tr&gt;&lt;td colspan="3"&gt;&lt;a href="selenium-screenshot-21.png"&gt;&lt;img src="selenium-screenshot-21.png" width="800px"&gt;&lt;/a&gt;</msg>
<status status="PASS" starttime="20220320 21:22:56.815" endtime="20220320 21:22:57.018"/>
</kw>
<kw name="Close Browser" library="SeleniumLibrary">
<doc>Closes the current browser.</doc>
<status status="PASS" starttime="20220320 21:22:57.018" endtime="20220320 21:22:59.651"/>
</kw>
<status status="PASS" starttime="20220320 21:22:56.815" endtime="20220320 21:22:59.651"/>
</kw>
<doc>Esse teste verifica a remoção de um produto no carrinho de compras</doc>
<tag>remover_carrinho</tag>
<status status="PASS" starttime="20220320 21:21:46.837" endtime="20220320 21:22:59.652"/>
</test>
<doc>Essa suite teste o site da Amazon.com.br</doc>
<status status="PASS" starttime="20220320 21:21:45.889" endtime="20220320 21:22:59.655"/>
</suite>
<status status="PASS" starttime="20220320 21:21:45.852" endtime="20220320 21:22:59.659"/>
</suite>
<statistics>
<total>
<stat pass="1" fail="0" skip="0">All Tests</stat>
</total>
<tag>
<stat pass="1" fail="0" skip="0">remover_carrinho</stat>
</tag>
<suite>
<stat pass="1" fail="0" skip="0" id="s1" name="EscritaProcedural">EscritaProcedural</stat>
<stat pass="1" fail="0" skip="0" id="s1-s1" name="Amazon Testes">EscritaProcedural.Amazon Testes</stat>
</suite>
</statistics>
<errors>
</errors>
</robot>
